-------------------------------------------------------------------------------
Test set: com.mvn.testng.AppTest
-------------------------------------------------------------------------------
Tests run: 1, Failures: 1, Errors: 0, Skipped: 0, Time elapsed: 0.977 sec <<< FAILURE! - in com.mvn.testng.AppTest
testApp(com.mvn.testng.AppTest)  Time elapsed: 0.022 sec  <<< FAILURE!
java.lang.AssertionError: expected [true] but found [false]
	at com.mvn.testng.AppTest.testApp(AppTest.java:22)

